<?xml version="1.0" encoding="UTF-8"?>
<!-- Generated by org.testng.reporters.JUnitXMLReporter -->
<testsuite hostname="DESKTOP-1V8NGI2" ignored="0" name="Test" tests="2" failures="1" timestamp="2022-01-27T22:51:42 IST" time="1.318" errors="0">
  <testcase name="loginTest" time="0.67" classname="com.Test.LoginTest"/>
  <testcase name="failTest" time="0.024" classname="com.Test.LoginTest">
    <failure type="java.lang.AssertionError" message="expected [JavaByKiran | Log in] but found [JavaByKiran | Dashboard]">
      <![CDATA[java.lang.AssertionError: expected [JavaByKiran | Log in] but found [JavaByKiran | Dashboard]
at com.Test.LoginTest.failTest(LoginTest.java:40)
at java.util.ArrayList.forEach(ArrayList.java:1259)
... Removed 33 stack frames]]>
    </failure>
  </testcase> <!-- failTest -->
</testsuite> <!-- Test -->
